000 (3691732.000.000) 07/04 15:28:48 Job submitted from host: <10.129.5.4:57385?addrs=10.129.5.4-57385>
...
001 (3691732.000.000) 07/04 15:29:03 Job executing on host: <10.129.5.101:61660?addrs=10.129.5.101-61660>
...
006 (3691732.000.000) 07/04 15:29:11 Image size of job updated: 1448
	2  -  MemoryUsage of job (MB)
	1192  -  ResidentSetSize of job (KB)
...
006 (3691732.000.000) 07/04 15:30:53 Image size of job updated: 90228
	2  -  MemoryUsage of job (MB)
	1192  -  ResidentSetSize of job (KB)
...
005 (3691732.000.000) 07/04 15:30:54 Job terminated.
	(1) Normal termination (return value 0)
		Usr 0 00:00:32, Sys 0 00:00:06  -  Run Remote Usage
		Usr 0 00:00:00, Sys 0 00:00:00  -  Run Local Usage
		Usr 0 00:00:32, Sys 0 00:00:06  -  Total Remote Usage
		Usr 0 00:00:00, Sys 0 00:00:00  -  Total Local Usage
	92030696  -  Run Bytes Sent By Job
	486823456  -  Run Bytes Received By Job
	92030696  -  Total Bytes Sent By Job
	486823456  -  Total Bytes Received By Job
	Partitionable Resources :    Usage  Request Allocated
	   Cpus                 :                 1         1
	   Disk (KB)            :  1812265  3000000  10248364
	   Memory (MB)          :        2     2000      2000
...
