000 (3691731.000.000) 07/04 15:28:47 Job submitted from host: <10.129.5.4:57385?addrs=10.129.5.4-57385>
...
001 (3691731.000.000) 07/04 15:29:00 Job executing on host: <10.129.5.100:5119?addrs=10.129.5.100-5119>
...
006 (3691731.000.000) 07/04 15:29:09 Image size of job updated: 1516
	2  -  MemoryUsage of job (MB)
	1264  -  ResidentSetSize of job (KB)
...
006 (3691731.000.000) 07/04 15:30:14 Image size of job updated: 103184
	2  -  MemoryUsage of job (MB)
	1264  -  ResidentSetSize of job (KB)
...
005 (3691731.000.000) 07/04 15:30:15 Job terminated.
	(1) Normal termination (return value 0)
		Usr 0 00:00:30, Sys 0 00:00:06  -  Run Remote Usage
		Usr 0 00:00:00, Sys 0 00:00:00  -  Run Local Usage
		Usr 0 00:00:30, Sys 0 00:00:06  -  Total Remote Usage
		Usr 0 00:00:00, Sys 0 00:00:00  -  Total Local Usage
	69916208  -  Run Bytes Sent By Job
	464708864  -  Run Bytes Received By Job
	69916208  -  Total Bytes Sent By Job
	464708864  -  Total Bytes Received By Job
	Partitionable Resources :    Usage  Request Allocated
	   Cpus                 :                 1         1
	   Disk (KB)            :  1747477  3000000  10411223
	   Memory (MB)          :        2     2000      2000
...
