000 (3691735.000.000) 07/04 15:28:50 Job submitted from host: <10.129.5.4:57385?addrs=10.129.5.4-57385>
...
001 (3691735.000.000) 07/04 15:29:00 Job executing on host: <10.129.5.160:3695?addrs=10.129.5.160-3695>
...
006 (3691735.000.000) 07/04 15:29:10 Image size of job updated: 1432
	2  -  MemoryUsage of job (MB)
	1184  -  ResidentSetSize of job (KB)
...
006 (3691735.000.000) 07/04 15:32:19 Image size of job updated: 78284
	2  -  MemoryUsage of job (MB)
	1184  -  ResidentSetSize of job (KB)
...
005 (3691735.000.000) 07/04 15:32:21 Job terminated.
	(1) Normal termination (return value 0)
		Usr 0 00:00:29, Sys 0 00:00:05  -  Run Remote Usage
		Usr 0 00:00:00, Sys 0 00:00:00  -  Run Local Usage
		Usr 0 00:00:29, Sys 0 00:00:05  -  Total Remote Usage
		Usr 0 00:00:00, Sys 0 00:00:00  -  Total Local Usage
	69929744  -  Run Bytes Sent By Job
	464722400  -  Run Bytes Received By Job
	69929744  -  Total Bytes Sent By Job
	464722400  -  Total Bytes Received By Job
	Partitionable Resources :    Usage  Request Allocated
	   Cpus                 :                 1         1
	   Disk (KB)            :  1747516  3000000  10437998
	   Memory (MB)          :        2     2000      2000
...
