000 (3691740.000.000) 07/04 15:28:54 Job submitted from host: <10.129.5.4:57385?addrs=10.129.5.4-57385>
...
001 (3691740.000.000) 07/04 15:29:29 Job executing on host: <10.129.5.160:3695?addrs=10.129.5.160-3695>
...
006 (3691740.000.000) 07/04 15:29:39 Image size of job updated: 1180
	2  -  MemoryUsage of job (MB)
	1180  -  ResidentSetSize of job (KB)
...
006 (3691740.000.000) 07/04 15:32:19 Image size of job updated: 81600
	2  -  MemoryUsage of job (MB)
	1180  -  ResidentSetSize of job (KB)
...
005 (3691740.000.000) 07/04 15:32:21 Job terminated.
	(1) Normal termination (return value 0)
		Usr 0 00:00:29, Sys 0 00:00:05  -  Run Remote Usage
		Usr 0 00:00:00, Sys 0 00:00:00  -  Run Local Usage
		Usr 0 00:00:29, Sys 0 00:00:05  -  Total Remote Usage
		Usr 0 00:00:00, Sys 0 00:00:00  -  Total Local Usage
	92016864  -  Run Bytes Sent By Job
	486809664  -  Run Bytes Received By Job
	92016864  -  Total Bytes Sent By Job
	486809664  -  Total Bytes Received By Job
	Partitionable Resources :    Usage  Request Allocated
	   Cpus                 :                 1         1
	   Disk (KB)            :  1812225  3000000  10437343
	   Memory (MB)          :        2     2000      2000
...
