000 (3691725.000.000) 07/04 15:28:44 Job submitted from host: <10.129.5.4:57385?addrs=10.129.5.4-57385>
...
001 (3691725.000.000) 07/04 15:29:00 Job executing on host: <10.129.5.152:20843?addrs=10.129.5.152-20843>
...
006 (3691725.000.000) 07/04 15:29:10 Image size of job updated: 1500
	2  -  MemoryUsage of job (MB)
	1252  -  ResidentSetSize of job (KB)
...
006 (3691725.000.000) 07/04 15:30:08 Image size of job updated: 123732
	2  -  MemoryUsage of job (MB)
	1252  -  ResidentSetSize of job (KB)
...
005 (3691725.000.000) 07/04 15:30:09 Job terminated.
	(1) Normal termination (return value 0)
		Usr 0 00:00:30, Sys 0 00:00:05  -  Run Remote Usage
		Usr 0 00:00:00, Sys 0 00:00:00  -  Run Local Usage
		Usr 0 00:00:30, Sys 0 00:00:05  -  Total Remote Usage
		Usr 0 00:00:00, Sys 0 00:00:00  -  Total Local Usage
	69934680  -  Run Bytes Sent By Job
	464727328  -  Run Bytes Received By Job
	69934680  -  Total Bytes Sent By Job
	464727328  -  Total Bytes Received By Job
	Partitionable Resources :    Usage  Request Allocated
	   Cpus                 :                 1         1
	   Disk (KB)            :  1747531  3000000  10357569
	   Memory (MB)          :        2     2000      2000
...
