000 (3691726.000.000) 07/04 15:28:44 Job submitted from host: <10.129.5.4:57385?addrs=10.129.5.4-57385>
...
001 (3691726.000.000) 07/04 15:29:01 Job executing on host: <10.129.5.106:16086?addrs=10.129.5.106-16086>
...
006 (3691726.000.000) 07/04 15:29:09 Image size of job updated: 1508
	2  -  MemoryUsage of job (MB)
	1260  -  ResidentSetSize of job (KB)
...
006 (3691726.000.000) 07/04 15:29:59 Image size of job updated: 57604
	2  -  MemoryUsage of job (MB)
	1260  -  ResidentSetSize of job (KB)
...
005 (3691726.000.000) 07/04 15:30:00 Job terminated.
	(1) Normal termination (return value 0)
		Usr 0 00:00:33, Sys 0 00:00:06  -  Run Remote Usage
		Usr 0 00:00:00, Sys 0 00:00:00  -  Run Local Usage
		Usr 0 00:00:33, Sys 0 00:00:06  -  Total Remote Usage
		Usr 0 00:00:00, Sys 0 00:00:00  -  Total Local Usage
	92021352  -  Run Bytes Sent By Job
	486814112  -  Run Bytes Received By Job
	92021352  -  Total Bytes Sent By Job
	486814112  -  Total Bytes Received By Job
	Partitionable Resources :    Usage  Request Allocated
	   Cpus                 :                 1         1
	   Disk (KB)            :  1812238  3000000   5126150
	   Memory (MB)          :        2     2000      2000
...
