000 (3691738.000.000) 07/04 15:28:52 Job submitted from host: <10.129.5.4:57385?addrs=10.129.5.4-57385>
...
001 (3691738.000.000) 07/04 15:31:56 Job executing on host: <10.129.5.103:44680?addrs=10.129.5.103-44680>
...
006 (3691738.000.000) 07/04 15:32:05 Image size of job updated: 1280
	2  -  MemoryUsage of job (MB)
	1176  -  ResidentSetSize of job (KB)
...
006 (3691738.000.000) 07/04 15:33:33 Image size of job updated: 79932
	2  -  MemoryUsage of job (MB)
	1176  -  ResidentSetSize of job (KB)
...
005 (3691738.000.000) 07/04 15:33:35 Job terminated.
	(1) Normal termination (return value 0)
		Usr 0 00:00:31, Sys 0 00:00:06  -  Run Remote Usage
		Usr 0 00:00:00, Sys 0 00:00:00  -  Run Local Usage
		Usr 0 00:00:31, Sys 0 00:00:06  -  Total Remote Usage
		Usr 0 00:00:00, Sys 0 00:00:00  -  Total Local Usage
	92115192  -  Run Bytes Sent By Job
	486907968  -  Run Bytes Received By Job
	92115192  -  Total Bytes Sent By Job
	486907968  -  Total Bytes Received By Job
	Partitionable Resources :    Usage  Request Allocated
	   Cpus                 :                 1         1
	   Disk (KB)            :  1812513  3000000   5129582
	   Memory (MB)          :        2     2000      2000
...
