000 (3691734.000.000) 07/04 15:28:49 Job submitted from host: <10.129.5.4:57385?addrs=10.129.5.4-57385>
...
001 (3691734.000.000) 07/04 15:29:01 Job executing on host: <10.129.5.104:50927?addrs=10.129.5.104-50927>
...
006 (3691734.000.000) 07/04 15:29:09 Image size of job updated: 1424
	2  -  MemoryUsage of job (MB)
	1176  -  ResidentSetSize of job (KB)
...
006 (3691734.000.000) 07/04 15:30:43 Image size of job updated: 639180
	2  -  MemoryUsage of job (MB)
	1176  -  ResidentSetSize of job (KB)
...
005 (3691734.000.000) 07/04 15:30:45 Job terminated.
	(1) Normal termination (return value 0)
		Usr 0 00:00:30, Sys 0 00:00:06  -  Run Remote Usage
		Usr 0 00:00:00, Sys 0 00:00:00  -  Run Local Usage
		Usr 0 00:00:30, Sys 0 00:00:06  -  Total Remote Usage
		Usr 0 00:00:00, Sys 0 00:00:00  -  Total Local Usage
	92030840  -  Run Bytes Sent By Job
	486823616  -  Run Bytes Received By Job
	92030840  -  Total Bytes Sent By Job
	486823616  -  Total Bytes Received By Job
	Partitionable Resources :    Usage  Request Allocated
	   Cpus                 :                 1         1
	   Disk (KB)            :  1812266  3000000   4950404
	   Memory (MB)          :        2     2000      2000
...
